TN:
SF:script/YieldScript.s.sol
DA:21,26
FN:21,YieldScript.run
FNDA:26,YieldScript.run
DA:24,26
DA:26,26
DA:28,26
DA:30,26
DA:32,26
DA:34,26
DA:36,26
FNF:1
FNH:1
LF:8
LH:8
BRF:0
BRH:0
end_of_record
TN:
SF:src/AbiLibrary.sol
DA:24,2
FN:24,AbiEncoder.createPoolIdentifier
FNDA:2,AbiEncoder.createPoolIdentifier
DA:28,2
DA:31,2
DA:45,1
FN:45,AbiEncoder.encodeTradingPosition
FNDA:1,AbiEncoder.encodeTradingPosition
DA:47,1
DA:50,1
DA:61,2
FN:61,AbiEncoder.encodeSwapData
FNDA:2,AbiEncoder.encodeSwapData
DA:63,2
BRDA:63,0,0,1
BRDA:63,0,1,1
DA:66,1
DA:67,1
DA:68,2
DA:72,1
DA:73,1
DA:74,2
DA:78,1
DA:94,1
FN:94,AbiEncoder.encodeLimitOrder
FNDA:1,AbiEncoder.encodeLimitOrder
DA:96,1
DA:98,1
DA:110,1
FN:110,AbiEncoder.encodeYieldPosition
FNDA:1,AbiEncoder.encodeYieldPosition
DA:111,1
DA:121,1
FN:121,AbiEncoder.encodeFlashLoanData
FNDA:1,AbiEncoder.encodeFlashLoanData
DA:122,1
DA:133,1
FN:133,AbiEncoder.encodeStakingPoolConfig
FNDA:1,AbiEncoder.encodeStakingPoolConfig
DA:134,1
DA:137,54
FN:137,AbiEncoder.encodeCreatePoolId
FNDA:54,AbiEncoder.encodeCreatePoolId
DA:138,54
DA:146,2
FN:146,AbiEncoder.poolEncodedData
FNDA:2,AbiEncoder.poolEncodedData
DA:154,2
DA:164,2
FN:164,AbiEncoder.encodeUserHash
FNDA:2,AbiEncoder.encodeUserHash
DA:165,2
DA:174,1
FN:174,AbiEncoder.createUserMultiPullHash
FNDA:1,AbiEncoder.createUserMultiPullHash
DA:175,1
DA:177,1
DA:178,2
DA:181,1
DA:182,1
DA:192,2
FN:192,AbiEncoder.encodeYieldStrategy
FNDA:2,AbiEncoder.encodeYieldStrategy
DA:197,2
BRDA:197,1,0,1
BRDA:197,1,1,1
DA:200,1
DA:203,1
DA:204,1
DA:205,2
DA:209,1
DA:210,1
DA:211,2
DA:215,1
DA:233,1
FN:233,AbiEncoder.encodeCrossChainBridgeData
FNDA:1,AbiEncoder.encodeCrossChainBridgeData
DA:240,1
DA:258,1
FN:258,AbiEncoder.createDefiTransactionId
FNDA:1,AbiEncoder.createDefiTransactionId
DA:264,1
DA:284,1
FN:284,AbiEncoder.encodeStopLossOrder
FNDA:1,AbiEncoder.encodeStopLossOrder
DA:291,1
DA:309,1
FN:309,AbiEncoder.encodeTakeProfitOrder
FNDA:1,AbiEncoder.encodeTakeProfitOrder
DA:315,1
DA:333,1
FN:333,AbiEncoder.encodeTrailingStopOrder
FNDA:1,AbiEncoder.encodeTrailingStopOrder
DA:340,1
FNF:17
FNH:17
LF:56
LH:56
BRF:4
BRH:4
end_of_record
TN:
SF:src/MockToken.sol
DA:14,78
FN:14,MockToken.constructor
FNDA:78,MockToken.constructor
DA:15,78
DA:23,2
FN:23,MockToken.mint
FNDA:2,MockToken.mint
DA:24,1
DA:31,1
FN:31,MockToken.burn
FNDA:1,MockToken.burn
DA:32,1
FNF:3
FNH:3
LF:6
LH:6
BRF:0
BRH:0
end_of_record
TN:
SF:src/YieldFarmingPool.sol
DA:53,27
FN:53,YieldFarmingPool.constructor
FNDA:27,YieldFarmingPool.constructor
DA:54,27
BRDA:54,0,0,1
BRDA:54,0,1,26
DA:55,26
DA:64,56
FN:64,YieldFarmingPool.createPool
FNDA:56,YieldFarmingPool.createPool
DA:65,55
BRDA:65,1,0,1
BRDA:65,1,1,54
DA:66,54
BRDA:66,2,0,1
BRDA:66,2,1,53
DA:67,53
DA:69,53
BRDA:69,3,0,1
BRDA:69,3,1,52
DA:71,52
DA:80,52
DA:82,52
DA:90,10
FN:90,YieldFarmingPool.stake
FNDA:10,YieldFarmingPool.stake
DA:91,10
DA:92,10
BRDA:92,4,0,1
BRDA:92,4,1,9
DA:93,9
BRDA:93,5,0,1
BRDA:93,5,1,8
DA:95,8
DA:97,8
DA:99,8
BRDA:99,6,0,1
DA:100,1
DA:101,1
BRDA:101,7,0,1
DA:102,1
DA:103,1
DA:107,8
DA:109,8
DA:110,8
DA:111,8
DA:113,8
DA:115,8
DA:124,2
FN:124,YieldFarmingPool.withdraw
FNDA:2,YieldFarmingPool.withdraw
DA:125,2
DA:126,2
DA:128,2
BRDA:128,8,0,1
BRDA:128,8,1,1
DA:130,1
DA:132,1
DA:133,1
BRDA:133,9,0,1
DA:134,1
DA:135,1
DA:138,1
DA:139,1
DA:141,1
DA:143,1
DA:145,1
DA:153,3
FN:153,YieldFarmingPool.claimRewards
FNDA:3,YieldFarmingPool.claimRewards
DA:155,3
DA:157,3
DA:158,3
BRDA:158,10,0,1
BRDA:158,10,1,2
DA:160,2
DA:162,2
DA:163,2
DA:165,2
DA:167,2
DA:176,3
FN:176,YieldFarmingPool.updatePoolRewardRate
FNDA:3,YieldFarmingPool.updatePoolRewardRate
DA:178,2
DA:179,2
BRDA:179,11,0,1
BRDA:179,11,1,1
DA:181,1
DA:182,1
DA:184,1
DA:193,1
FN:193,YieldFarmingPool.getPoolEncodedData
FNDA:1,YieldFarmingPool.getPoolEncodedData
DA:194,1
DA:195,1
DA:211,1
FN:211,YieldFarmingPool.getUserHash
FNDA:1,YieldFarmingPool.getUserHash
DA:212,1
DA:219,1
FN:219,YieldFarmingPool.getActivePoolsCount
FNDA:1,YieldFarmingPool.getActivePoolsCount
DA:220,1
DA:227,1
FN:227,YieldFarmingPool.getActivePools
FNDA:1,YieldFarmingPool.getActivePools
DA:228,1
DA:236,3
FN:236,YieldFarmingPool.emergencyWithdraw
FNDA:3,YieldFarmingPool.emergencyWithdraw
DA:237,2
DA:244,13
FN:244,YieldFarmingPool._updatePool
FNDA:13,YieldFarmingPool._updatePool
DA:245,13
DA:247,13
BRDA:247,12,0,5
DA:248,5
DA:249,5
DA:250,5
DA:253,13
DA:261,4
FN:261,YieldFarmingPool._safeRewardsTransfer
FNDA:4,YieldFarmingPool._safeRewardsTransfer
DA:262,4
DA:263,4
BRDA:263,13,0,1
DA:264,1
DA:267,4
BRDA:267,14,0,4
DA:268,4
DA:277,5
FN:277,YieldFarmingPool._calculatePendingReward
FNDA:5,YieldFarmingPool._calculatePendingReward
DA:278,5
DA:279,5
DA:281,5
DA:283,5
BRDA:283,15,0,5
DA:284,5
DA:285,5
DA:286,5
DA:289,5
FNF:14
FNH:14
LF:90
LH:90
BRF:25
BRH:25
end_of_record
